<?xml version="1.0" encoding="UTF-8"?>
<coverage generated="1749307503643" clover="3.2.0">
  <project timestamp="1749307503643" name="All files">
    <metrics statements="67" coveredstatements="49" conditionals="33" coveredconditionals="19" methods="18" coveredmethods="12" elements="118" coveredelements="80" complexity="0" loc="67" ncloc="67" packages="1" files="3" classes="3"/>
    <file name="Gameboard.js" path="/home/rtjil/Dev/odinProject/Project-Battleship/src/Gameboard.js">
      <metrics statements="44" coveredstatements="35" conditionals="22" coveredconditionals="17" methods="10" coveredmethods="8"/>
      <line num="4" count="6" type="stmt"/>
      <line num="5" count="6" type="stmt"/>
      <line num="6" count="6" type="stmt"/>
      <line num="7" count="6" type="stmt"/>
      <line num="10" count="22" type="stmt"/>
      <line num="11" count="138" type="cond" truecount="4" falsecount="0"/>
      <line num="12" count="4" type="stmt"/>
      <line num="15" count="18" type="stmt"/>
      <line num="19" count="5" type="cond" truecount="2" falsecount="0"/>
      <line num="21" count="5" type="stmt"/>
      <line num="22" count="9" type="stmt"/>
      <line num="23" count="9" type="stmt"/>
      <line num="25" count="9" type="stmt"/>
      <line num="27" count="9" type="stmt"/>
      <line num="29" count="9" type="stmt"/>
      <line num="30" count="22" type="cond" truecount="2" falsecount="0"/>
      <line num="31" count="22" type="cond" truecount="2" falsecount="0"/>
      <line num="33" count="22" type="cond" truecount="3" falsecount="1"/>
      <line num="34" count="0" type="stmt"/>
      <line num="35" count="0" type="stmt"/>
      <line num="38" count="22" type="cond" truecount="2" falsecount="0"/>
      <line num="39" count="4" type="stmt"/>
      <line num="40" count="4" type="stmt"/>
      <line num="43" count="18" type="stmt"/>
      <line num="46" count="9" type="cond" truecount="2" falsecount="0"/>
      <line num="47" count="17" type="stmt"/>
      <line num="48" count="5" type="stmt"/>
      <line num="54" count="1" type="stmt"/>
      <line num="56" count="1" type="stmt"/>
      <line num="57" count="5" type="stmt"/>
      <line num="58" count="5" type="stmt"/>
      <line num="59" count="5" type="stmt"/>
      <line num="64" count="4" type="stmt"/>
      <line num="65" count="0" type="stmt"/>
      <line num="66" count="0" type="cond" truecount="0" falsecount="4"/>
      <line num="67" count="0" type="stmt"/>
      <line num="68" count="0" type="stmt"/>
      <line num="69" count="0" type="stmt"/>
      <line num="74" count="4" type="stmt"/>
      <line num="75" count="4" type="stmt"/>
      <line num="80" count="0" type="stmt"/>
      <line num="83" count="6" type="stmt"/>
      <line num="86" count="0" type="stmt"/>
      <line num="87" count="1" type="stmt"/>
    </file>
    <file name="Player.js" path="/home/rtjil/Dev/odinProject/Project-Battleship/src/Player.js">
      <metrics statements="15" coveredstatements="8" conditionals="7" coveredconditionals="1" methods="5" coveredmethods="2"/>
      <line num="5" count="5" type="stmt"/>
      <line num="6" count="5" type="stmt"/>
      <line num="7" count="5" type="stmt"/>
      <line num="11" count="3" type="stmt"/>
      <line num="12" count="3" type="stmt"/>
      <line num="16" count="0" type="cond" truecount="0" falsecount="4"/>
      <line num="18" count="0" type="stmt"/>
      <line num="19" count="0" type="stmt"/>
      <line num="20" count="0" type="stmt"/>
      <line num="22" count="0" type="stmt"/>
      <line num="24" count="0" type="stmt"/>
      <line num="28" count="0" type="cond" truecount="0" falsecount="2"/>
      <line num="32" count="1" type="stmt"/>
      <line num="33" count="1" type="stmt"/>
      <line num="35" count="1" type="stmt"/>
    </file>
    <file name="Ship.js" path="/home/rtjil/Dev/odinProject/Project-Battleship/src/Ship.js">
      <metrics statements="8" coveredstatements="6" conditionals="4" coveredconditionals="1" methods="3" coveredmethods="2"/>
      <line num="3" count="6" type="stmt"/>
      <line num="4" count="6" type="stmt"/>
      <line num="5" count="6" type="stmt"/>
      <line num="6" count="6" type="stmt"/>
      <line num="10" count="0" type="cond" truecount="0" falsecount="2"/>
      <line num="11" count="0" type="stmt"/>
      <line num="15" count="1" type="cond" truecount="1" falsecount="1"/>
      <line num="16" count="1" type="stmt"/>
    </file>
  </project>
</coverage>
