{"/home/rtjil/Dev/odinProject/Project-Battleship/src/Gameboard.js": {"path":"/home/rtjil/Dev/odinProject/Project-Battleship/src/Gameboard.js","statementMap":{"0":{"start":{"line":4,"column":19},"end":{"line":4,"column":21}},"1":{"start":{"line":5,"column":16},"end":{"line":5,"column":18}},"2":{"start":{"line":6,"column":17},"end":{"line":6,"column":19}},"3":{"start":{"line":7,"column":13},"end":{"line":7,"column":14}},"4":{"start":{"line":10,"column":4},"end":{"line":14,"column":5}},"5":{"start":{"line":10,"column":17},"end":{"line":10,"column":18}},"6":{"start":{"line":11,"column":6},"end":{"line":13,"column":7}},"7":{"start":{"line":12,"column":8},"end":{"line":12,"column":20}},"8":{"start":{"line":15,"column":4},"end":{"line":15,"column":17}},"9":{"start":{"line":19,"column":22},"end":{"line":19,"column":69}},"10":{"start":{"line":21,"column":4},"end":{"line":50,"column":5}},"11":{"start":{"line":22,"column":14},"end":{"line":22,"column":44}},"12":{"start":{"line":23,"column":14},"end":{"line":23,"column":44}},"13":{"start":{"line":25,"column":19},"end":{"line":25,"column":21}},"14":{"start":{"line":27,"column":18},"end":{"line":27,"column":22}},"15":{"start":{"line":29,"column":6},"end":{"line":44,"column":7}},"16":{"start":{"line":29,"column":19},"end":{"line":29,"column":20}},"17":{"start":{"line":30,"column":21},"end":{"line":30,"column":59}},"18":{"start":{"line":31,"column":21},"end":{"line":31,"column":59}},"19":{"start":{"line":33,"column":8},"end":{"line":36,"column":9}},"20":{"start":{"line":34,"column":10},"end":{"line":34,"column":24}},"21":{"start":{"line":35,"column":10},"end":{"line":35,"column":16}},"22":{"start":{"line":38,"column":8},"end":{"line":41,"column":9}},"23":{"start":{"line":39,"column":10},"end":{"line":39,"column":24}},"24":{"start":{"line":40,"column":10},"end":{"line":40,"column":16}},"25":{"start":{"line":43,"column":8},"end":{"line":43,"column":32}},"26":{"start":{"line":46,"column":6},"end":{"line":49,"column":7}},"27":{"start":{"line":47,"column":8},"end":{"line":47,"column":52}},"28":{"start":{"line":47,"column":31},"end":{"line":47,"column":50}},"29":{"start":{"line":48,"column":8},"end":{"line":48,"column":20}},"30":{"start":{"line":54,"column":21},"end":{"line":54,"column":36}},"31":{"start":{"line":56,"column":4},"end":{"line":60,"column":7}},"32":{"start":{"line":57,"column":19},"end":{"line":57,"column":35}},"33":{"start":{"line":58,"column":6},"end":{"line":58,"column":52}},"34":{"start":{"line":59,"column":6},"end":{"line":59,"column":23}},"35":{"start":{"line":64,"column":4},"end":{"line":72,"column":5}},"36":{"start":{"line":65,"column":6},"end":{"line":71,"column":7}},"37":{"start":{"line":66,"column":8},"end":{"line":70,"column":9}},"38":{"start":{"line":67,"column":10},"end":{"line":67,"column":25}},"39":{"start":{"line":68,"column":10},"end":{"line":68,"column":17}},"40":{"start":{"line":69,"column":10},"end":{"line":69,"column":23}},"41":{"start":{"line":74,"column":4},"end":{"line":74,"column":24}},"42":{"start":{"line":75,"column":4},"end":{"line":75,"column":18}},"43":{"start":{"line":80,"column":4},"end":{"line":80,"column":23}},"44":{"start":{"line":83,"column":2},"end":{"line":89,"column":4}},"45":{"start":{"line":86,"column":21},"end":{"line":86,"column":27}},"46":{"start":{"line":87,"column":20},"end":{"line":87,"column":25}}},"fnMap":{"0":{"name":"Gameboard","decl":{"start":{"line":3,"column":9},"end":{"line":3,"column":18}},"loc":{"start":{"line":3,"column":21},"end":{"line":90,"column":1}},"line":3},"1":{"name":"isOccupied","decl":{"start":{"line":9,"column":11},"end":{"line":9,"column":21}},"loc":{"start":{"line":9,"column":28},"end":{"line":16,"column":3}},"line":9},"2":{"name":"generateValidPosition","decl":{"start":{"line":18,"column":11},"end":{"line":18,"column":32}},"loc":{"start":{"line":18,"column":41},"end":{"line":51,"column":3}},"line":18},"3":{"name":"(anonymous_3)","decl":{"start":{"line":47,"column":21},"end":{"line":47,"column":22}},"loc":{"start":{"line":47,"column":31},"end":{"line":47,"column":50}},"line":47},"4":{"name":"setShips","decl":{"start":{"line":53,"column":11},"end":{"line":53,"column":19}},"loc":{"start":{"line":53,"column":22},"end":{"line":61,"column":3}},"line":53},"5":{"name":"(anonymous_5)","decl":{"start":{"line":56,"column":21},"end":{"line":56,"column":22}},"loc":{"start":{"line":56,"column":33},"end":{"line":60,"column":5}},"line":56},"6":{"name":"receiveAttack","decl":{"start":{"line":63,"column":11},"end":{"line":63,"column":24}},"loc":{"start":{"line":63,"column":31},"end":{"line":77,"column":3}},"line":63},"7":{"name":"isLoose","decl":{"start":{"line":79,"column":11},"end":{"line":79,"column":18}},"loc":{"start":{"line":79,"column":22},"end":{"line":81,"column":3}},"line":79},"8":{"name":"(anonymous_8)","decl":{"start":{"line":86,"column":15},"end":{"line":86,"column":16}},"loc":{"start":{"line":86,"column":21},"end":{"line":86,"column":27}},"line":86},"9":{"name":"(anonymous_9)","decl":{"start":{"line":87,"column":14},"end":{"line":87,"column":15}},"loc":{"start":{"line":87,"column":20},"end":{"line":87,"column":25}},"line":87}},"branchMap":{"0":{"loc":{"start":{"line":11,"column":6},"end":{"line":13,"column":7}},"type":"if","locations":[{"start":{"line":11,"column":6},"end":{"line":13,"column":7}},{"start":{},"end":{}}],"line":11},"1":{"loc":{"start":{"line":11,"column":10},"end":{"line":11,"column":54}},"type":"binary-expr","locations":[{"start":{"line":11,"column":10},"end":{"line":11,"column":30}},{"start":{"line":11,"column":34},"end":{"line":11,"column":54}}],"line":11},"2":{"loc":{"start":{"line":19,"column":22},"end":{"line":19,"column":69}},"type":"cond-expr","locations":[{"start":{"line":19,"column":44},"end":{"line":19,"column":56}},{"start":{"line":19,"column":59},"end":{"line":19,"column":69}}],"line":19},"3":{"loc":{"start":{"line":30,"column":21},"end":{"line":30,"column":59}},"type":"cond-expr","locations":[{"start":{"line":30,"column":50},"end":{"line":30,"column":55}},{"start":{"line":30,"column":58},"end":{"line":30,"column":59}}],"line":30},"4":{"loc":{"start":{"line":31,"column":21},"end":{"line":31,"column":59}},"type":"cond-expr","locations":[{"start":{"line":31,"column":50},"end":{"line":31,"column":51}},{"start":{"line":31,"column":54},"end":{"line":31,"column":59}}],"line":31},"5":{"loc":{"start":{"line":33,"column":8},"end":{"line":36,"column":9}},"type":"if","locations":[{"start":{"line":33,"column":8},"end":{"line":36,"column":9}},{"start":{},"end":{}}],"line":33},"6":{"loc":{"start":{"line":33,"column":12},"end":{"line":33,"column":36}},"type":"binary-expr","locations":[{"start":{"line":33,"column":12},"end":{"line":33,"column":22}},{"start":{"line":33,"column":26},"end":{"line":33,"column":36}}],"line":33},"7":{"loc":{"start":{"line":38,"column":8},"end":{"line":41,"column":9}},"type":"if","locations":[{"start":{"line":38,"column":8},"end":{"line":41,"column":9}},{"start":{},"end":{}}],"line":38},"8":{"loc":{"start":{"line":46,"column":6},"end":{"line":49,"column":7}},"type":"if","locations":[{"start":{"line":46,"column":6},"end":{"line":49,"column":7}},{"start":{},"end":{}}],"line":46},"9":{"loc":{"start":{"line":66,"column":8},"end":{"line":70,"column":9}},"type":"if","locations":[{"start":{"line":66,"column":8},"end":{"line":70,"column":9}},{"start":{},"end":{}}],"line":66},"10":{"loc":{"start":{"line":66,"column":12},"end":{"line":66,"column":44}},"type":"binary-expr","locations":[{"start":{"line":66,"column":12},"end":{"line":66,"column":26}},{"start":{"line":66,"column":30},"end":{"line":66,"column":44}}],"line":66}},"s":{"0":6,"1":6,"2":6,"3":6,"4":22,"5":22,"6":138,"7":4,"8":18,"9":5,"10":5,"11":9,"12":9,"13":9,"14":9,"15":9,"16":9,"17":22,"18":22,"19":22,"20":0,"21":0,"22":22,"23":4,"24":4,"25":18,"26":9,"27":5,"28":17,"29":5,"30":1,"31":1,"32":5,"33":5,"34":5,"35":4,"36":0,"37":0,"38":0,"39":0,"40":0,"41":4,"42":4,"43":0,"44":6,"45":0,"46":1},"f":{"0":6,"1":22,"2":5,"3":17,"4":1,"5":5,"6":4,"7":0,"8":0,"9":1},"b":{"0":[4,134],"1":[138,18],"2":[2,3],"3":[9,13],"4":[9,13],"5":[0,22],"6":[22,22],"7":[4,18],"8":[5,4],"9":[0,0],"10":[0,0]},"_coverageSchema":"1a1c01bbd47fc00a2c39e90264f33305004495a9","hash":"2b0a32b1ea42839ff8c102129880ae745b1cbd26"}
,"/home/rtjil/Dev/odinProject/Project-Battleship/src/Player.js": {"path":"/home/rtjil/Dev/odinProject/Project-Battleship/src/Player.js","statementMap":{"0":{"start":{"line":5,"column":4},"end":{"line":5,"column":29}},"1":{"start":{"line":6,"column":4},"end":{"line":6,"column":17}},"2":{"start":{"line":7,"column":4},"end":{"line":7,"column":34}},"3":{"start":{"line":11,"column":4},"end":{"line":11,"column":38}},"4":{"start":{"line":12,"column":4},"end":{"line":12,"column":18}},"5":{"start":{"line":16,"column":4},"end":{"line":16,"column":67}},"6":{"start":{"line":16,"column":60},"end":{"line":16,"column":67}},"7":{"start":{"line":18,"column":4},"end":{"line":21,"column":47}},"8":{"start":{"line":19,"column":6},"end":{"line":19,"column":41}},"9":{"start":{"line":20,"column":6},"end":{"line":20,"column":41}},"10":{"start":{"line":22,"column":4},"end":{"line":22,"column":41}},"11":{"start":{"line":24,"column":4},"end":{"line":24,"column":45}},"12":{"start":{"line":28,"column":4},"end":{"line":28,"column":80}},"13":{"start":{"line":28,"column":50},"end":{"line":28,"column":78}},"14":{"start":{"line":32,"column":14},"end":{"line":32,"column":26}},"15":{"start":{"line":33,"column":11},"end":{"line":33,"column":27}},"16":{"start":{"line":35,"column":13},"end":{"line":35,"column":41}}},"fnMap":{"0":{"name":"(anonymous_0)","decl":{"start":{"line":4,"column":2},"end":{"line":4,"column":3}},"loc":{"start":{"line":4,"column":26},"end":{"line":8,"column":3}},"line":4},"1":{"name":"(anonymous_1)","decl":{"start":{"line":10,"column":2},"end":{"line":10,"column":3}},"loc":{"start":{"line":10,"column":27},"end":{"line":13,"column":3}},"line":10},"2":{"name":"(anonymous_2)","decl":{"start":{"line":15,"column":2},"end":{"line":15,"column":3}},"loc":{"start":{"line":15,"column":23},"end":{"line":25,"column":3}},"line":15},"3":{"name":"(anonymous_3)","decl":{"start":{"line":27,"column":2},"end":{"line":27,"column":3}},"loc":{"start":{"line":27,"column":30},"end":{"line":29,"column":3}},"line":27},"4":{"name":"(anonymous_4)","decl":{"start":{"line":28,"column":41},"end":{"line":28,"column":42}},"loc":{"start":{"line":28,"column":50},"end":{"line":28,"column":78}},"line":28}},"branchMap":{"0":{"loc":{"start":{"line":4,"column":14},"end":{"line":4,"column":24}},"type":"default-arg","locations":[{"start":{"line":4,"column":19},"end":{"line":4,"column":24}}],"line":4},"1":{"loc":{"start":{"line":16,"column":4},"end":{"line":16,"column":67}},"type":"if","locations":[{"start":{"line":16,"column":4},"end":{"line":16,"column":67}},{"start":{},"end":{}}],"line":16},"2":{"loc":{"start":{"line":16,"column":8},"end":{"line":16,"column":58}},"type":"binary-expr","locations":[{"start":{"line":16,"column":8},"end":{"line":16,"column":16}},{"start":{"line":16,"column":20},"end":{"line":16,"column":58}}],"line":16},"3":{"loc":{"start":{"line":28,"column":50},"end":{"line":28,"column":78}},"type":"binary-expr","locations":[{"start":{"line":28,"column":50},"end":{"line":28,"column":62}},{"start":{"line":28,"column":66},"end":{"line":28,"column":78}}],"line":28}},"s":{"0":5,"1":5,"2":5,"3":3,"4":3,"5":0,"6":0,"7":0,"8":0,"9":0,"10":0,"11":0,"12":0,"13":0,"14":1,"15":1,"16":1},"f":{"0":5,"1":3,"2":0,"3":0,"4":0},"b":{"0":[4],"1":[0,0],"2":[0,0],"3":[0,0]},"_coverageSchema":"1a1c01bbd47fc00a2c39e90264f33305004495a9","hash":"ed3c9cb81e5492d90584aa14b1077de3a7b24e84"}
,"/home/rtjil/Dev/odinProject/Project-Battleship/src/Ship.js": {"path":"/home/rtjil/Dev/odinProject/Project-Battleship/src/Ship.js","statementMap":{"0":{"start":{"line":3,"column":4},"end":{"line":3,"column":25}},"1":{"start":{"line":4,"column":4},"end":{"line":4,"column":21}},"2":{"start":{"line":5,"column":4},"end":{"line":5,"column":22}},"3":{"start":{"line":6,"column":4},"end":{"line":6,"column":23}},"4":{"start":{"line":10,"column":4},"end":{"line":10,"column":49}},"5":{"start":{"line":10,"column":42},"end":{"line":10,"column":49}},"6":{"start":{"line":11,"column":4},"end":{"line":11,"column":29}},"7":{"start":{"line":15,"column":4},"end":{"line":15,"column":48}},"8":{"start":{"line":15,"column":36},"end":{"line":15,"column":48}},"9":{"start":{"line":16,"column":4},"end":{"line":16,"column":17}}},"fnMap":{"0":{"name":"(anonymous_0)","decl":{"start":{"line":2,"column":2},"end":{"line":2,"column":3}},"loc":{"start":{"line":2,"column":22},"end":{"line":7,"column":3}},"line":2},"1":{"name":"(anonymous_1)","decl":{"start":{"line":9,"column":2},"end":{"line":9,"column":3}},"loc":{"start":{"line":9,"column":12},"end":{"line":12,"column":3}},"line":9},"2":{"name":"(anonymous_2)","decl":{"start":{"line":14,"column":2},"end":{"line":14,"column":3}},"loc":{"start":{"line":14,"column":11},"end":{"line":17,"column":3}},"line":14}},"branchMap":{"0":{"loc":{"start":{"line":10,"column":4},"end":{"line":10,"column":49}},"type":"if","locations":[{"start":{"line":10,"column":4},"end":{"line":10,"column":49}},{"start":{},"end":{}}],"line":10},"1":{"loc":{"start":{"line":15,"column":4},"end":{"line":15,"column":48}},"type":"if","locations":[{"start":{"line":15,"column":4},"end":{"line":15,"column":48}},{"start":{},"end":{}}],"line":15}},"s":{"0":6,"1":6,"2":6,"3":6,"4":0,"5":0,"6":0,"7":1,"8":0,"9":1},"f":{"0":6,"1":0,"2":1},"b":{"0":[0,0],"1":[0,1]},"_coverageSchema":"1a1c01bbd47fc00a2c39e90264f33305004495a9","hash":"3175defccca2e417cda731d16003adaa0b0d4367"}
}
