TN:
SF:src/Gameboard.js
FN:3,Gameboard
FN:9,isOccupied
FN:18,generateValidPosition
FN:47,(anonymous_3)
FN:53,setShips
FN:56,(anonymous_5)
FN:63,receiveAttack
FN:79,isLoose
FN:86,(anonymous_8)
FN:87,(anonymous_9)
FNF:10
FNH:8
FNDA:6,Gameboard
FNDA:22,isOccupied
FNDA:5,generateValidPosition
FNDA:17,(anonymous_3)
FNDA:1,setShips
FNDA:5,(anonymous_5)
FNDA:4,receiveAttack
FNDA:0,isLoose
FNDA:0,(anonymous_8)
FNDA:1,(anonymous_9)
DA:4,6
DA:5,6
DA:6,6
DA:7,6
DA:10,22
DA:11,138
DA:12,4
DA:15,18
DA:19,5
DA:21,5
DA:22,9
DA:23,9
DA:25,9
DA:27,9
DA:29,9
DA:30,22
DA:31,22
DA:33,22
DA:34,0
DA:35,0
DA:38,22
DA:39,4
DA:40,4
DA:43,18
DA:46,9
DA:47,17
DA:48,5
DA:54,1
DA:56,1
DA:57,5
DA:58,5
DA:59,5
DA:64,4
DA:65,0
DA:66,0
DA:67,0
DA:68,0
DA:69,0
DA:74,4
DA:75,4
DA:80,0
DA:83,6
DA:86,0
DA:87,1
LF:44
LH:35
BRDA:11,0,0,4
BRDA:11,0,1,134
BRDA:11,1,0,138
BRDA:11,1,1,18
BRDA:19,2,0,2
BRDA:19,2,1,3
BRDA:30,3,0,9
BRDA:30,3,1,13
BRDA:31,4,0,9
BRDA:31,4,1,13
BRDA:33,5,0,0
BRDA:33,5,1,22
BRDA:33,6,0,22
BRDA:33,6,1,22
BRDA:38,7,0,4
BRDA:38,7,1,18
BRDA:46,8,0,5
BRDA:46,8,1,4
BRDA:66,9,0,0
BRDA:66,9,1,0
BRDA:66,10,0,0
BRDA:66,10,1,0
BRF:22
BRH:17
end_of_record
TN:
SF:src/Player.js
FN:4,(anonymous_0)
FN:10,(anonymous_1)
FN:15,(anonymous_2)
FN:27,(anonymous_3)
FN:28,(anonymous_4)
FNF:5
FNH:2
FNDA:5,(anonymous_0)
FNDA:3,(anonymous_1)
FNDA:0,(anonymous_2)
FNDA:0,(anonymous_3)
FNDA:0,(anonymous_4)
DA:5,5
DA:6,5
DA:7,5
DA:11,3
DA:12,3
DA:16,0
DA:18,0
DA:19,0
DA:20,0
DA:22,0
DA:24,0
DA:28,0
DA:32,1
DA:33,1
DA:35,1
LF:15
LH:8
BRDA:4,0,0,4
BRDA:16,1,0,0
BRDA:16,1,1,0
BRDA:16,2,0,0
BRDA:16,2,1,0
BRDA:28,3,0,0
BRDA:28,3,1,0
BRF:7
BRH:1
end_of_record
TN:
SF:src/Ship.js
FN:2,(anonymous_0)
FN:9,(anonymous_1)
FN:14,(anonymous_2)
FNF:3
FNH:2
FNDA:6,(anonymous_0)
FNDA:0,(anonymous_1)
FNDA:1,(anonymous_2)
DA:3,6
DA:4,6
DA:5,6
DA:6,6
DA:10,0
DA:11,0
DA:15,1
DA:16,1
LF:8
LH:6
BRDA:10,0,0,0
BRDA:10,0,1,0
BRDA:15,1,0,0
BRDA:15,1,1,1
BRF:4
BRH:1
end_of_record
